<?xml version="1.0" encoding="UTF-8"?>
<!-- Generated by org.testng.reporters.JUnitReportReporter -->
<testsuite hostname="LAPTOP-LRNS79PC" failures="0" tests="4" name="com.seleniumFramework.testCases.LoginTestCrm" time="21.495" errors="0" timestamp="2022-06-01T12:07:05 CDT" skipped="0">
  <testcase classname="com.seleniumFramework.testCases.LoginTestCrm" name="loginAppcase" time="2.447"/>
  <system-out/>
  <testcase classname="com.seleniumFramework.testCases.LoginTestCrm" name="searchTestCase" time="8.341"/>
  <system-out/>
  <testcase classname="com.seleniumFramework.testCases.LoginTestCrm" name="freeCourseTestCase" time="5.978"/>
  <system-out/>
  <testcase classname="com.seleniumFramework.testCases.LoginTestCrm" name="allCoursesTestCase" time="4.729"/>
  <system-out/>
</testsuite> <!-- com.seleniumFramework.testCases.LoginTestCrm -->
