<?xml version="1.0" encoding="UTF-8"?>
<!-- Generated by org.testng.reporters.JUnitReportReporter -->
<testsuite hostname="LAPTOP-LRNS79PC" failures="0" tests="4" name="com.seleniumFramework.testCases.LoginTestCrm" time="19.405" errors="0" timestamp="2022-05-19T12:04:05 CDT" skipped="0">
  <testcase classname="com.seleniumFramework.testCases.LoginTestCrm" name="loginAppcase" time="2.587"/>
  <system-out/>
  <testcase classname="com.seleniumFramework.testCases.LoginTestCrm" name="searchTestCase" time="7.899"/>
  <system-out/>
  <testcase classname="com.seleniumFramework.testCases.LoginTestCrm" name="freeCourseTestCase" time="4.838"/>
  <system-out/>
  <testcase classname="com.seleniumFramework.testCases.LoginTestCrm" name="allCoursesTestCase" time="4.081"/>
  <system-out/>
</testsuite> <!-- com.seleniumFramework.testCases.LoginTestCrm -->
